Starting job 2995908 ("arrayscript_omp") on c5-3 at Fri Aug 30 11:20:00 CEST 2013
TASK_IDs to submit: 1
Command line: jobscript_omp
Main job id: 2995908
Start time: 2013-08-30
Fri Aug 30 11:20:00 2013: Submitting jobs...
1 more job(s) to submit
0 job(s) are running, and 0 are waiting
Submitting 1 job(s):
 TASK_ID 1:
  Result from submit: Submitted batch job 2995911 => job ID 2995911
Sleeping...
Fri Aug 30 11:22:03 2013: Checking queue...
Number of jobs to check: 1
 Job 2995911 has finished:
       JobID               Start                 End  MaxVMSize     MaxRSS      State ExitCode 
  ------------ ------------------- ------------------- ---------- ---------- ---------- -------- 
  2995911      2013-08-30T11:20:29 2013-08-30T11:20:38                        COMPLETED      0:0 
  2995911.bat+ 2013-08-30T11:20:29 2013-08-30T11:20:38    109812K      1612K  COMPLETED      0:0 
  2995911.0    2013-08-30T11:20:30 2013-08-30T11:20:30    176116K       840K  COMPLETED      0:0 
  2995911.1    2013-08-30T11:20:33 2013-08-30T11:20:37    176116K      2612K  COMPLETED      0:0 
All jobs have been submitted
Done.

Job script resource usage:
       JobID  MaxVMSize     MaxRSS 
------------ ---------- ---------- 
2995908.bat+    359084K      6564K 

Job step resource usage:
       JobID    JobName  AllocCPUS  MaxVMSize     MaxRSS    Elapsed ExitCode 
------------ ---------- ---------- ---------- ---------- ---------- -------- 
2995908      arrayscri+          1                         00:02:16      0:0 
2995908.0    arrayrun_+          1    176116K      3628K   00:02:14      0:0 

Job 2995908 ("arrayscript_omp") completed on c5-3 at Fri Aug 30 11:22:15 CEST 2013
