Starting job 2996308 ("arrayscript_omp") on c1-6 at Fri Aug 30 12:07:59 CEST 2013
TASK_IDs to submit: 1
Command line: jobscript_omp
Main job id: 2996308
Start time: 2013-08-30
Fri Aug 30 12:08:00 2013: Submitting jobs...
1 more job(s) to submit
0 job(s) are running, and 0 are waiting
Submitting 1 job(s):
 TASK_ID 1:
  Result from submit: Submitted batch job 2996311 => job ID 2996311
Sleeping...
Fri Aug 30 12:10:07 2013: Checking queue...
Number of jobs to check: 1
 Job 2996311 is still running
All jobs have been submitted
1 job(s) are still running, and 0 are waiting
Sleeping...
Fri Aug 30 12:12:19 2013: Checking queue...
Number of jobs to check: 1
 Job 2996311 is still running
1 job(s) are still running, and 0 are waiting
Sleeping...
Fri Aug 30 12:14:25 2013: Checking queue...
Number of jobs to check: 1
 Job 2996311 is still running
1 job(s) are still running, and 0 are waiting
Sleeping...
Fri Aug 30 12:16:33 2013: Checking queue...
Number of jobs to check: 1
 Job 2996311 is still running
1 job(s) are still running, and 0 are waiting
Sleeping...
Fri Aug 30 12:18:45 2013: Checking queue...
Number of jobs to check: 1
 Job 2996311 is still running
1 job(s) are still running, and 0 are waiting
Sleeping...
Fri Aug 30 12:21:01 2013: Checking queue...
Number of jobs to check: 1
 Job 2996311 is still running
1 job(s) are still running, and 0 are waiting
Sleeping...
Fri Aug 30 12:23:12 2013: Checking queue...
Number of jobs to check: 1
 Job 2996311 is still running
1 job(s) are still running, and 0 are waiting
Sleeping...
Fri Aug 30 12:25:21 2013: Checking queue...
Number of jobs to check: 1
 Job 2996311 is still running
1 job(s) are still running, and 0 are waiting
Sleeping...
Fri Aug 30 12:27:27 2013: Checking queue...
Number of jobs to check: 1
 Job 2996311 is still running
1 job(s) are still running, and 0 are waiting
Sleeping...
Fri Aug 30 12:29:34 2013: Checking queue...
Number of jobs to check: 1
 Job 2996311 has finished:
       JobID               Start                 End  MaxVMSize     MaxRSS      State ExitCode 
  ------------ ------------------- ------------------- ---------- ---------- ---------- -------- 
  2996311      2013-08-30T12:08:29 2013-08-30T12:28:55                        COMPLETED      0:0 
  2996311.bat+ 2013-08-30T12:08:29 2013-08-30T12:28:55   2043868K   1372112K  COMPLETED      0:0 
  2996311.0    2013-08-30T12:08:29 2013-08-30T12:08:29    176120K      1088K  COMPLETED      0:0 
  2996311.1    2013-08-30T12:08:31 2013-08-30T12:28:54   1575776K   1267120K  COMPLETED      0:0 
Done.

Job script resource usage:
       JobID  MaxVMSize     MaxRSS 
------------ ---------- ---------- 
2996308.bat+    359092K      6564K 

Job step resource usage:
       JobID    JobName  AllocCPUS  MaxVMSize     MaxRSS    Elapsed ExitCode 
------------ ---------- ---------- ---------- ---------- ---------- -------- 
2996308      arrayscri+          1                         00:21:46      0:0 
2996308.0    arrayrun_+          1    176112K      3832K   00:21:45      0:0 

Job 2996308 ("arrayscript_omp") completed on c1-6 at Fri Aug 30 12:29:45 CEST 2013
