Starting job 5875926 ("5875916.3") on c9-17 at Mon Apr 21 17:07:09 CEST 2014
--------------------------------------------------------------------------
WARNING: It appears that your OpenFabrics subsystem is configured to only
allow registering part of your physical memory.  This can cause MPI jobs to
run with erratic performance, hang, and/or crash.

This may be caused by your OpenFabrics vendor limiting the amount of
physical memory that can be registered.  You should investigate the
relevant Linux kernel module parameters that control how much physical
memory can be registered, and increase them to allow registering all
physical memory on your machine.

See this Open MPI FAQ item for more information on these Linux kernel module
parameters:

    http://www.open-mpi.org/faq/?category=openfabrics#ib-locked-pages

  Local host:              compute-9-17.local
  Registerable memory:     32768 MiB
  Total memory:            65507 MiB

Your MPI job will continue, but may be behave poorly and/or hang.
--------------------------------------------------------------------------

Job script resource usage:
       JobID  MaxVMSize     MaxRSS 
------------ ---------- ---------- 
5875926.bat+    209404K      7044K 

Job step resource usage:
       JobID    JobName  AllocCPUS  MaxVMSize     MaxRSS    Elapsed ExitCode 
------------ ---------- ---------- ---------- ---------- ---------- -------- 
5875926       5875916.3         14                         00:00:06      0:0 

Job 5875926 ("5875916.3") completed on c9-17 at Mon Apr 21 17:07:14 CEST 2014
