Starting job 5875916 ("arrayscript_omp") on c4-27 at Mon Apr 21 17:06:09 CEST 2014
TASK_IDs to submit: 1,2,3,4,5,6,7,8,9,10
Command line: jobscript_omp
Main job id: 5875916
Start time: 2014-04-21
Mon Apr 21 17:06:10 2014: Submitting jobs...
10 more job(s) to submit
0 job(s) are running, and 0 are waiting
Submitting 5 job(s):
 TASK_ID 1:
  Result from submit: Submitted batch job 5875924 => job ID 5875924
 TASK_ID 2:
  Result from submit: Submitted batch job 5875925 => job ID 5875925
 TASK_ID 3:
  Result from submit: Submitted batch job 5875926 => job ID 5875926
 TASK_ID 4:
  Result from submit: Submitted batch job 5875927 => job ID 5875927
 TASK_ID 5:
  Result from submit: Submitted batch job 5875928 => job ID 5875928
Sleeping...
Mon Apr 21 17:08:14 2014: Checking queue...
Number of jobs to check: 5
 Job 5875924 has finished:
       JobID               Start                 End  MaxVMSize     MaxRSS      State ExitCode 
  ------------ ------------------- ------------------- ---------- ---------- ---------- -------- 
  5875924      2014-04-21T17:06:38 2014-04-21T17:06:45                        COMPLETED      0:0 
  5875924.bat+ 2014-04-21T17:06:38 2014-04-21T17:06:45    212428K      7048K  COMPLETED      0:0 
 Job 5875925 has finished:
       JobID               Start                 End  MaxVMSize     MaxRSS      State ExitCode 
  ------------ ------------------- ------------------- ---------- ---------- ---------- -------- 
  5875925      2014-04-21T17:07:08 2014-04-21T17:07:14                        COMPLETED      0:0 
  5875925.bat+ 2014-04-21T17:07:08 2014-04-21T17:07:14    209404K      7052K  COMPLETED      0:0 
 Job 5875926 has finished:
       JobID               Start                 End  MaxVMSize     MaxRSS      State ExitCode 
  ------------ ------------------- ------------------- ---------- ---------- ---------- -------- 
  5875926      2014-04-21T17:07:08 2014-04-21T17:07:14                        COMPLETED      0:0 
  5875926.bat+ 2014-04-21T17:07:08 2014-04-21T17:07:14    209404K      7044K  COMPLETED      0:0 
 Job 5875927 has finished:
       JobID               Start                 End  MaxVMSize     MaxRSS      State ExitCode 
  ------------ ------------------- ------------------- ---------- ---------- ---------- -------- 
  5875927      2014-04-21T17:07:08 2014-04-21T17:07:14                        COMPLETED      0:0 
  5875927.bat+ 2014-04-21T17:07:08 2014-04-21T17:07:14    209404K      7048K  COMPLETED      0:0 
 Job 5875928 has finished:
       JobID               Start                 End  MaxVMSize     MaxRSS      State ExitCode 
  ------------ ------------------- ------------------- ---------- ---------- ---------- -------- 
  5875928      2014-04-21T17:07:38 2014-04-21T17:07:44                        COMPLETED      0:0 
  5875928.bat+ 2014-04-21T17:07:38 2014-04-21T17:07:44    209404K      7040K  COMPLETED      0:0 
Mon Apr 21 17:08:26 2014: Submitting jobs...
5 more job(s) to submit
0 job(s) are running, and 0 are waiting
Submitting 5 job(s):
 TASK_ID 6:
  Result from submit: Submitted batch job 5875937 => job ID 5875937
 TASK_ID 7:
  Result from submit: Submitted batch job 5875938 => job ID 5875938
 TASK_ID 8:
  Result from submit: Submitted batch job 5875939 => job ID 5875939
 TASK_ID 9:
  Result from submit: Submitted batch job 5875940 => job ID 5875940
 TASK_ID 10:
  Result from submit: Submitted batch job 5875941 => job ID 5875941
Sleeping...
Mon Apr 21 17:10:24 2014: Checking queue...
Number of jobs to check: 5
 Job 5875937 has finished:
       JobID               Start                 End  MaxVMSize     MaxRSS      State ExitCode 
  ------------ ------------------- ------------------- ---------- ---------- ---------- -------- 
  5875937      2014-04-21T17:09:08 2014-04-21T17:09:17                        COMPLETED      0:0 
  5875937.bat+ 2014-04-21T17:09:08 2014-04-21T17:09:17    209404K      7048K  COMPLETED      0:0 
 Job 5875938 has finished:
       JobID               Start                 End  MaxVMSize     MaxRSS      State ExitCode 
  ------------ ------------------- ------------------- ---------- ---------- ---------- -------- 
  5875938      2014-04-21T17:09:38 2014-04-21T17:09:47                        COMPLETED      0:0 
  5875938.bat+ 2014-04-21T17:09:38 2014-04-21T17:09:47    214608K      7044K  COMPLETED      0:0 
 Job 5875939 has finished:
       JobID               Start                 End  MaxVMSize     MaxRSS      State ExitCode 
  ------------ ------------------- ------------------- ---------- ---------- ---------- -------- 
  5875939      2014-04-21T17:09:38 2014-04-21T17:09:49                        COMPLETED      0:0 
  5875939.bat+ 2014-04-21T17:09:38 2014-04-21T17:09:49    212404K      7032K  COMPLETED      0:0 
 Job 5875940 has finished:
       JobID               Start                 End  MaxVMSize     MaxRSS      State ExitCode 
  ------------ ------------------- ------------------- ---------- ---------- ---------- -------- 
  5875940      2014-04-21T17:10:08 2014-04-21T17:10:23                        COMPLETED      0:0 
  5875940.bat+ 2014-04-21T17:10:08 2014-04-21T17:10:23    209404K      7052K  COMPLETED      0:0 
 Job 5875941 is still running
All jobs have been submitted
1 job(s) are still running, and 0 are waiting
Sleeping...
Mon Apr 21 17:12:34 2014: Checking queue...
Number of jobs to check: 1
 Job 5875941 has finished:
       JobID               Start                 End  MaxVMSize     MaxRSS      State ExitCode 
  ------------ ------------------- ------------------- ---------- ---------- ---------- -------- 
  5875941      2014-04-21T17:10:08 2014-04-21T17:10:26                        COMPLETED      0:0 
  5875941.bat+ 2014-04-21T17:10:08 2014-04-21T17:10:26    209404K      7040K  COMPLETED      0:0 
Done.

Job script resource usage:
       JobID  MaxVMSize     MaxRSS 
------------ ---------- ---------- 
5875916.bat+    359804K     10016K 

Job step resource usage:
       JobID    JobName  AllocCPUS  MaxVMSize     MaxRSS    Elapsed ExitCode 
------------ ---------- ---------- ---------- ---------- ---------- -------- 
5875916      arrayscri+          1                         00:06:38      0:0 
5875916.0    arrayrun_+          1    266784K      8884K   00:06:35      0:0 

Job 5875916 ("arrayscript_omp") completed on c4-27 at Mon Apr 21 17:12:46 CEST 2014
