Starting job 5887462 ("5887385.19") on c2-33 at Tue Apr 22 16:14:04 CEST 2014
--------------------------------------------------------------------------
WARNING: It appears that your OpenFabrics subsystem is configured to only
allow registering part of your physical memory.  This can cause MPI jobs to
run with erratic performance, hang, and/or crash.

This may be caused by your OpenFabrics vendor limiting the amount of
physical memory that can be registered.  You should investigate the
relevant Linux kernel module parameters that control how much physical
memory can be registered, and increase them to allow registering all
physical memory on your machine.

See this Open MPI FAQ item for more information on these Linux kernel module
parameters:

    http://www.open-mpi.org/faq/?category=openfabrics#ib-locked-pages

  Local host:              compute-2-33.local
  Registerable memory:     32768 MiB
  Total memory:            65507 MiB

Your MPI job will continue, but may be behave poorly and/or hang.
--------------------------------------------------------------------------

Job script resource usage:
       JobID  MaxVMSize     MaxRSS 
------------ ---------- ---------- 
5887462.bat+  11472376K  11038124K 

Job step resource usage:
       JobID    JobName  AllocCPUS  MaxVMSize     MaxRSS    Elapsed ExitCode 
------------ ---------- ---------- ---------- ---------- ---------- -------- 
5887462      5887385.19         14                         00:03:12      0:0 

Job 5887462 ("5887385.19") completed on c2-33 at Tue Apr 22 16:17:16 CEST 2014
