Starting job 5884980 ("arrayscript_omp") on c10-27 at Tue Apr 22 11:36:04 CEST 2014
TASK_IDs to submit: 1,2,3,4,5,6,7,8,9,10
Command line: jobscript_omp
Main job id: 5884980
Start time: 2014-04-22
Tue Apr 22 11:36:05 2014: Submitting jobs...
10 more job(s) to submit
0 job(s) are running, and 0 are waiting
Submitting 5 job(s):
 TASK_ID 1:
  Result from submit: Submitted batch job 5884983 => job ID 5884983
 TASK_ID 2:
  Result from submit: Submitted batch job 5884984 => job ID 5884984
 TASK_ID 3:
  Result from submit: Submitted batch job 5884985 => job ID 5884985
 TASK_ID 4:
  Result from submit: Submitted batch job 5884986 => job ID 5884986
 TASK_ID 5:
  Result from submit: Submitted batch job 5884987 => job ID 5884987
Sleeping...
Tue Apr 22 11:38:00 2014: Checking queue...
Number of jobs to check: 5
 Job 5884983 has finished:
       JobID               Start                 End  MaxVMSize     MaxRSS      State ExitCode 
  ------------ ------------------- ------------------- ---------- ---------- ---------- -------- 
  5884983      2014-04-22T11:36:34 2014-04-22T11:36:37                        COMPLETED      0:0 
  5884983.bat+ 2014-04-22T11:36:34 2014-04-22T11:36:37    209396K      7068K  COMPLETED      0:0 
 Job 5884984 has finished:
       JobID               Start                 End  MaxVMSize     MaxRSS      State ExitCode 
  ------------ ------------------- ------------------- ---------- ---------- ---------- -------- 
  5884984      2014-04-22T11:36:34 2014-04-22T11:36:37                        COMPLETED      0:0 
  5884984.bat+ 2014-04-22T11:36:34 2014-04-22T11:36:37    209396K      7072K  COMPLETED      0:0 
 Job 5884985 has finished:
       JobID               Start                 End  MaxVMSize     MaxRSS      State ExitCode 
  ------------ ------------------- ------------------- ---------- ---------- ---------- -------- 
  5884985      2014-04-22T11:36:34 2014-04-22T11:36:37                        COMPLETED      0:0 
  5884985.bat+ 2014-04-22T11:36:34 2014-04-22T11:36:37    219992K      7068K  COMPLETED      0:0 
 Job 5884986 has finished:
       JobID               Start                 End  MaxVMSize     MaxRSS      State ExitCode 
  ------------ ------------------- ------------------- ---------- ---------- ---------- -------- 
  5884986      2014-04-22T11:37:04 2014-04-22T11:37:07                        COMPLETED      0:0 
  5884986.bat+ 2014-04-22T11:37:04 2014-04-22T11:37:07    209396K      7072K  COMPLETED      0:0 
 Job 5884987 has finished:
       JobID               Start                 End  MaxVMSize     MaxRSS      State ExitCode 
  ------------ ------------------- ------------------- ---------- ---------- ---------- -------- 
  5884987      2014-04-22T11:37:04 2014-04-22T11:37:07                        COMPLETED      0:0 
  5884987.bat+ 2014-04-22T11:37:04 2014-04-22T11:37:07    209396K      7072K  COMPLETED      0:0 
Tue Apr 22 11:38:11 2014: Submitting jobs...
5 more job(s) to submit
0 job(s) are running, and 0 are waiting
Submitting 5 job(s):
 TASK_ID 6:
  Result from submit: Submitted batch job 5884996 => job ID 5884996
 TASK_ID 7:
  Result from submit: Submitted batch job 5884997 => job ID 5884997
 TASK_ID 8:
  Result from submit: Submitted batch job 5884998 => job ID 5884998
 TASK_ID 9:
  Result from submit: Submitted batch job 5884999 => job ID 5884999
 TASK_ID 10:
  Result from submit: Submitted batch job 5885000 => job ID 5885000
Sleeping...
Tue Apr 22 11:40:16 2014: Checking queue...
Number of jobs to check: 5
 Job 5884996 has finished:
       JobID               Start                 End  MaxVMSize     MaxRSS      State ExitCode 
  ------------ ------------------- ------------------- ---------- ---------- ---------- -------- 
  5884996      2014-04-22T11:38:34 2014-04-22T11:38:37                        COMPLETED      0:0 
  5884996.bat+ 2014-04-22T11:38:34 2014-04-22T11:38:37    209396K      7068K  COMPLETED      0:0 
 Job 5884997 has finished:
       JobID               Start                 End  MaxVMSize     MaxRSS      State ExitCode 
  ------------ ------------------- ------------------- ---------- ---------- ---------- -------- 
  5884997      2014-04-22T11:38:34 2014-04-22T11:38:42                        COMPLETED      0:0 
  5884997.bat+ 2014-04-22T11:38:34 2014-04-22T11:38:42    209396K      7068K  COMPLETED      0:0 
 Job 5884998 has finished:
       JobID               Start                 End  MaxVMSize     MaxRSS      State ExitCode 
  ------------ ------------------- ------------------- ---------- ---------- ---------- -------- 
  5884998      2014-04-22T11:38:34 2014-04-22T11:38:39                        COMPLETED      0:0 
  5884998.bat+ 2014-04-22T11:38:34 2014-04-22T11:38:39    219992K      7068K  COMPLETED      0:0 
 Job 5884999 has finished:
       JobID               Start                 End  MaxVMSize     MaxRSS      State ExitCode 
  ------------ ------------------- ------------------- ---------- ---------- ---------- -------- 
  5884999      2014-04-22T11:39:04 2014-04-22T11:39:11                        COMPLETED      0:0 
  5884999.bat+ 2014-04-22T11:39:04 2014-04-22T11:39:11    209396K      7064K  COMPLETED      0:0 
 Job 5885000 has finished:
       JobID               Start                 End  MaxVMSize     MaxRSS      State ExitCode 
  ------------ ------------------- ------------------- ---------- ---------- ---------- -------- 
  5885000      2014-04-22T11:39:04 2014-04-22T11:39:15                        COMPLETED      0:0 
  5885000.bat+ 2014-04-22T11:39:04 2014-04-22T11:39:15    209396K      7064K  COMPLETED      0:0 
All jobs have been submitted
Done.

Job script resource usage:
       JobID  MaxVMSize     MaxRSS 
------------ ---------- ---------- 
5884980.bat+    359776K      9968K 

Job step resource usage:
       JobID    JobName  AllocCPUS  MaxVMSize     MaxRSS    Elapsed ExitCode 
------------ ---------- ---------- ---------- ---------- ---------- -------- 
5884980      arrayscri+          1                         00:04:22      0:0 
5884980.0    arrayrun_+          1    252004K      3640K   00:04:22      0:0 

Job 5884980 ("arrayscript_omp") completed on c10-27 at Tue Apr 22 11:40:27 CEST 2014
